0 info it worked if it ends with ok
1 verbose cli [ '/usr/bin/node', '/usr/bin/npm', 'run', 'test' ]
2 info using npm@3.5.2
3 info using node@v8.10.0
4 verbose run-script [ 'pretest', 'test', 'posttest' ]
5 info lifecycle md-links-maricruz@0.1.2~pretest: md-links-maricruz@0.1.2
6 silly lifecycle md-links-maricruz@0.1.2~pretest: no script for pretest, continuing
7 info lifecycle md-links-maricruz@0.1.2~test: md-links-maricruz@0.1.2
8 verbose lifecycle md-links-maricruz@0.1.2~test: unsafe-perm in lifecycle true
9 verbose lifecycle md-links-maricruz@0.1.2~test: PATH: /usr/share/npm/bin/node-gyp-bin:/home/maricruz/Documentos/MEX008-FE-md-link/node_modules/.bin:/usr/local/sbin:/usr/local/bin:/usr/sbin:/usr/bin:/sbin:/bin:/usr/games:/usr/local/games:/snap/bin
10 verbose lifecycle md-links-maricruz@0.1.2~test: CWD: /home/maricruz/Documentos/MEX008-FE-md-link
11 silly lifecycle md-links-maricruz@0.1.2~test: Args: [ '-c', 'md-links' ]
12 info lifecycle md-links-maricruz@0.1.2~test: Failed to exec test script
13 verbose stack Error: md-links-maricruz@0.1.2 test: `md-links`
13 verbose stack spawn ENOENT
13 verbose stack     at ChildProcess.<anonymous> (/usr/share/npm/lib/utils/spawn.js:17:16)
13 verbose stack     at emitTwo (events.js:126:13)
13 verbose stack     at ChildProcess.emit (events.js:214:7)
13 verbose stack     at maybeClose (internal/child_process.js:925:16)
13 verbose stack     at Process.ChildProcess._handle.onexit (internal/child_process.js:209:5)
14 verbose pkgid md-links-maricruz@0.1.2
15 verbose cwd /home/maricruz/Documentos/MEX008-FE-md-link/bin
16 error Linux 4.15.0-60-generic
17 error argv "/usr/bin/node" "/usr/bin/npm" "run" "test"
18 error node v8.10.0
19 error npm  v3.5.2
20 error file sh
21 error code ELIFECYCLE
22 error errno ENOENT
23 error syscall spawn
24 error md-links-maricruz@0.1.2 test: `md-links`
24 error spawn ENOENT
25 error Failed at the md-links-maricruz@0.1.2 test script 'md-links'.
25 error Make sure you have the latest version of node.js and npm installed.
25 error If you do, this is most likely a problem with the md-links-maricruz package,
25 error not with npm itself.
25 error Tell the author that this fails on your system:
25 error     md-links
25 error You can get information on how to open an issue for this project with:
25 error     npm bugs md-links-maricruz
25 error Or if that isn't available, you can get their info via:
25 error     npm owner ls md-links-maricruz
25 error There is likely additional logging output above.
26 verbose exit [ 1, true ]
